<?xml version="1.0" encoding="UTF-8"?>
<!-- Generated by org.testng.reporters.JUnitXMLReporter -->
<testsuite ignored="0" hostname="LTIN269904" failures="0" tests="3" name="BeforeAndAfterTest1" time="0.268" errors="0" timestamp="2024-05-24T21:56:03 PDT">
  <testcase classname="Day36BeforeTestAndAfterTest.Test3" name="NormalMethod" time="0.025"/>
  <testcase classname="Day36BeforeTestAndAfterTest.Test1" name="normalTest" time="0.009"/>
  <testcase classname="Day36BeforeTestAndAfterTest.Test2" name="NormalMethod" time="0.006"/>
</testsuite> <!-- BeforeAndAfterTest1 -->
