<?xml version="1.0" encoding="UTF-8"?>
<!-- Generated by org.testng.reporters.JUnitXMLReporter -->
<testsuite ignored="0" hostname="LTIN269904" failures="0" tests="3" name="BeforeAndAfterTest" time="0.248" errors="0" timestamp="2024-05-24T21:54:29 PDT">
  <testcase classname="Day36BeforeTestAndAfterTest.Test3" name="NormalMethod" time="0.022"/>
  <testcase classname="Day36BeforeTestAndAfterTest.Test1" name="normalTest" time="0.004"/>
  <testcase classname="Day36BeforeTestAndAfterTest.Test2" name="NormalMethod" time="0.003"/>
</testsuite> <!-- BeforeAndAfterTest -->
