<?xml version="1.0" encoding="UTF-8"?>
<!-- Generated by org.testng.reporters.JUnitXMLReporter -->
<testsuite ignored="0" hostname="LTIN269904" failures="0" tests="9" name="myTest1" time="128.419" errors="0" timestamp="2024-05-31T11:37:57 PDT">
  <testcase classname="Coursera.MainTest" name="SearchInHomePage" time="18.945"/>
  <testcase classname="Coursera.MainTest" name="DisplayLanguageDetails" time="3.273"/>
  <testcase classname="Coursera.MainTest" name="DisplayLevelDetails" time="0.388"/>
  <testcase classname="Coursera.MainTest" name="clickCheckBoxesToViewData" time="11.759"/>
  <testcase classname="Coursera.MainTest" name="SearchedCourseDetails" time="1.337"/>
  <testcase classname="Coursera.MainTest" name="GoToForEnterprises" time="36.208"/>
  <testcase classname="Coursera.MainTest" name="GoToForCampus" time="1.73"/>
  <testcase classname="Coursera.MainTest" name="ScrollToForm" time="6.75"/>
  <testcase classname="Coursera.MainTest" name="FormFillUp" time="17.765"/>
</testsuite> <!-- myTest1 -->
