<?xml version="1.0" encoding="UTF-8"?>
<!-- Generated by org.testng.reporters.JUnitXMLReporter -->
<testsuite ignored="0" hostname="LTIN269904" failures="0" tests="9" name="myTest" time="100.303" errors="0" timestamp="2024-05-31T11:43:11 PDT">
  <testcase classname="Coursera.MainTest" name="SearchInHomePage" time="24.48"/>
  <testcase classname="Coursera.MainTest" name="DisplayLanguageDetails" time="1.264"/>
  <testcase classname="Coursera.MainTest" name="DisplayLevelDetails" time="0.244"/>
  <testcase classname="Coursera.MainTest" name="clickCheckBoxesToViewData" time="10.891"/>
  <testcase classname="Coursera.MainTest" name="SearchedCourseDetails" time="0.462"/>
  <testcase classname="Coursera.MainTest" name="GoToForEnterprises" time="22.21"/>
  <testcase classname="Coursera.MainTest" name="GoToForCampus" time="1.173"/>
  <testcase classname="Coursera.MainTest" name="ScrollToForm" time="5.46"/>
  <testcase classname="Coursera.MainTest" name="FormFillUp" time="14.007"/>
</testsuite> <!-- myTest -->
