<?xml version="1.0" encoding="UTF-8"?>
<!-- Generated by org.testng.reporters.JUnitXMLReporter -->
<testsuite ignored="0" hostname="LTIN269904" failures="0" tests="5" name="myTest2" time="0.062" errors="0" timestamp="2024-05-25T04:46:52 PDT">
  <testcase classname="XmlFileWorkingUnderstanding.Testcase3" name="test6" time="0.004"/>
  <testcase classname="XmlFileWorkingUnderstanding.Testcase4" name="test7" time="0.005"/>
  <testcase classname="XmlFileWorkingUnderstanding.Testcase4" name="test8" time="0.005"/>
  <testcase classname="XmlFileWorkingUnderstanding.TestCase5" name="test10" time="0.004"/>
  <testcase classname="XmlFileWorkingUnderstanding.TestCase5" name="test9" time="0.003"/>
</testsuite> <!-- myTest2 -->
