<?xml version="1.0" encoding="UTF-8"?>
<!-- Generated by org.testng.reporters.JUnitXMLReporter -->
<testsuite ignored="0" hostname="LTIN269904" failures="0" tests="2" name="myTest1" time="20.768" errors="0" timestamp="2024-05-31T11:54:04 PDT">
  <testcase classname="Day38InvocationcountParallelTesting.ParallelTesttingORCrossBrowserTesting" name="LogoTesting" time="0.677"/>
  <testcase classname="Day38InvocationcountParallelTesting.ParallelTesttingORCrossBrowserTesting" name="TitleTesting" time="0.035"/>
</testsuite> <!-- myTest1 -->
