<?xml version="1.0" encoding="UTF-8"?>
<testng-results ignored="0" total="9" passed="9" failed="0" skipped="0">
  <reporter-output>
  </reporter-output>
  <suite started-at="2024-06-06T21:55:52 PDT" name="MySuite" finished-at="2024-06-06T22:00:05 PDT" duration-ms="253353">
    <groups>
    </groups>
    <test started-at="2024-06-06T21:55:52 PDT" name="myTest" finished-at="2024-06-06T22:00:05 PDT" duration-ms="253353">
      <class name="Coursera.MainTest">
        <test-method is-config="true" signature="DriverSetUp(java.lang.String,java.lang.String)[pri:0, instance:Coursera.MainTest@b3ca52e]" started-at="2024-06-06T21:55:53 PDT" name="DriverSetUp" finished-at="2024-06-06T21:56:10 PDT" duration-ms="16906" status="PASS">
          <params>
            <param index="0">
              <value>
                <![CDATA[Chrome]]>
              </value>
            </param>
            <param index="1">
              <value>
                <![CDATA[https://www.coursera.org/]]>
              </value>
            </param>
          </params>
          <reporter-output>
          </reporter-output>
        </test-method> <!-- DriverSetUp -->
        <test-method signature="SearchInHomePage()[pri:1, instance:Coursera.MainTest@b3ca52e]" started-at="2024-06-06T21:56:10 PDT" name="SearchInHomePage" finished-at="2024-06-06T21:57:43 PDT" duration-ms="93185" status="PASS">
          <reporter-output>
          </reporter-output>
        </test-method> <!-- SearchInHomePage -->
        <test-method signature="DisplayLanguageDetails()[pri:2, instance:Coursera.MainTest@b3ca52e]" started-at="2024-06-06T21:57:43 PDT" name="DisplayLanguageDetails" finished-at="2024-06-06T21:57:45 PDT" depends-on-methods="Coursera.MainTest.SearchInHomePage" duration-ms="1458" status="PASS">
          <reporter-output>
          </reporter-output>
        </test-method> <!-- DisplayLanguageDetails -->
        <test-method signature="DisplayLevelDetails()[pri:3, instance:Coursera.MainTest@b3ca52e]" started-at="2024-06-06T21:57:45 PDT" name="DisplayLevelDetails" finished-at="2024-06-06T21:57:45 PDT" depends-on-methods="Coursera.MainTest.SearchInHomePage" duration-ms="228" status="PASS">
          <reporter-output>
          </reporter-output>
        </test-method> <!-- DisplayLevelDetails -->
        <test-method signature="clickCheckBoxesToViewData()[pri:4, instance:Coursera.MainTest@b3ca52e]" started-at="2024-06-06T21:57:45 PDT" name="clickCheckBoxesToViewData" finished-at="2024-06-06T21:57:53 PDT" depends-on-methods="Coursera.MainTest.SearchInHomePage" duration-ms="7652" status="PASS">
          <reporter-output>
          </reporter-output>
        </test-method> <!-- clickCheckBoxesToViewData -->
        <test-method signature="SearchedCourseDetails()[pri:5, instance:Coursera.MainTest@b3ca52e]" started-at="2024-06-06T21:57:53 PDT" name="SearchedCourseDetails" finished-at="2024-06-06T21:57:59 PDT" depends-on-methods="Coursera.MainTest.SearchInHomePage" duration-ms="6429" status="PASS">
          <reporter-output>
          </reporter-output>
        </test-method> <!-- SearchedCourseDetails -->
        <test-method signature="GoToForEnterprises()[pri:6, instance:Coursera.MainTest@b3ca52e]" started-at="2024-06-06T21:57:59 PDT" name="GoToForEnterprises" finished-at="2024-06-06T21:59:35 PDT" duration-ms="96134" status="PASS">
          <reporter-output>
          </reporter-output>
        </test-method> <!-- GoToForEnterprises -->
        <test-method signature="GoToForCampus()[pri:7, instance:Coursera.MainTest@b3ca52e]" started-at="2024-06-06T21:59:35 PDT" name="GoToForCampus" finished-at="2024-06-06T21:59:37 PDT" duration-ms="1730" status="PASS">
          <reporter-output>
          </reporter-output>
        </test-method> <!-- GoToForCampus -->
        <test-method signature="ScrollToForm()[pri:8, instance:Coursera.MainTest@b3ca52e]" started-at="2024-06-06T21:59:37 PDT" name="ScrollToForm" finished-at="2024-06-06T21:59:40 PDT" depends-on-methods="Coursera.MainTest.GoToForCampus" duration-ms="2826" status="PASS">
          <reporter-output>
          </reporter-output>
        </test-method> <!-- ScrollToForm -->
        <test-method signature="FormFillUp(java.lang.String,java.lang.String,java.lang.String,java.lang.String,java.lang.String,java.lang.String,java.lang.String,java.lang.String,java.lang.String,java.lang.String,java.lang.String,java.lang.String)[pri:9, instance:Coursera.MainTest@b3ca52e]" started-at="2024-06-06T21:59:40 PDT" name="FormFillUp" data-provider="dp" finished-at="2024-06-06T21:59:56 PDT" depends-on-methods="Coursera.MainTest.GoToForCampus" duration-ms="15874" status="PASS">
          <params>
            <param index="0">
              <value>
                <![CDATA[Shreyasi]]>
              </value>
            </param>
            <param index="1">
              <value>
                <![CDATA[Mondal]]>
              </value>
            </param>
            <param index="2">
              <value>
                <![CDATA[shreyasimondal@gmail.com]]>
              </value>
            </param>
            <param index="3">
              <value>
                <![CDATA[9382767894]]>
              </value>
            </param>
            <param index="4">
              <value>
                <![CDATA[University]]>
              </value>
            </param>
            <param index="5">
              <value>
                <![CDATA[BIT]]>
              </value>
            </param>
            <param index="6">
              <value>
                <![CDATA[Student]]>
              </value>
            </param>
            <param index="7">
              <value>
                <![CDATA[Other]]>
              </value>
            </param>
            <param index="8">
              <value>
                <![CDATA[Other]]>
              </value>
            </param>
            <param index="9">
              <value>
                <![CDATA[Good Learner]]>
              </value>
            </param>
            <param index="10">
              <value>
                <![CDATA[India]]>
              </value>
            </param>
            <param index="11">
              <value>
                <![CDATA[Tamil Nadu]]>
              </value>
            </param>
          </params>
          <reporter-output>
          </reporter-output>
        </test-method> <!-- FormFillUp -->
        <test-method is-config="true" signature="tearDown()[pri:0, instance:Coursera.MainTest@b3ca52e]" started-at="2024-06-06T21:59:56 PDT" name="tearDown" finished-at="2024-06-06T22:00:05 PDT" duration-ms="9382" status="PASS">
          <reporter-output>
          </reporter-output>
        </test-method> <!-- tearDown -->
      </class> <!-- Coursera.MainTest -->
    </test> <!-- myTest -->
  </suite> <!-- MySuite -->
</testng-results>
