<?xml version="1.0" encoding="UTF-8"?>
<!-- Generated by org.testng.reporters.JUnitXMLReporter -->
<testsuite ignored="0" hostname="LTIN269904" failures="1" tests="10" name="Test" time="89.09" errors="0" timestamp="2024-06-03T01:07:51 PDT">
  <testcase classname="OutReach.OutreachMain" name="onCognizant" time="23.664"/>
  <testcase classname="OutReach.OutreachMain" name="menu" time="1.664"/>
  <testcase classname="OutReach.OutreachMain" name="submenu" time="5.649"/>
  <testcase classname="OutReach.OutreachMain" name="interstCardList" time="0.071"/>
  <testcase classname="OutReach.OutreachMain" name="serachFilterButton" time="5.239"/>
  <testcase classname="OutReach.OutreachMain" name="fromDate" time="1.986"/>
  <testcase classname="OutReach.OutreachMain" name="toDate" time="11.171"/>
  <testcase classname="OutReach.OutreachMain" name="filterSearchButton" time="1.652">
    <failure type="org.openqa.selenium.ElementClickInterceptedException" message="element click intercepted: Element &amp;lt;button type=&amp;quot;submit&amp;quot; class=&amp;quot;btn btn-success float-right vieweventsearchbtn&amp;quot; title=&amp;quot;...&amp;quot; id=&amp;quot;eventsHomeSearchBtn&amp;quot;&amp;gt;Search&amp;lt;/button&amp;gt; is not clickable at point (544, 413). Other element would receive the click: &amp;lt;th class=&amp;quot;dow&amp;quot;&amp;gt;...&amp;lt;/th&amp;gt;
  (Session info: MicrosoftEdge=125.0.2535.79)
Build info: version: &amp;apos;4.20.0&amp;apos;, revision: &amp;apos;866c76ca80&amp;apos;
System info: os.name: &amp;apos;Windows 11&amp;apos;, os.arch: &amp;apos;amd64&amp;apos;, os.version: &amp;apos;10.0&amp;apos;, java.version: &amp;apos;17.0.2&amp;apos;
Driver info: org.openqa.selenium.edge.EdgeDriver
Command: [e6b9c31f93350ce5f9f9840a2e32ab65, clickElement {id=f.BDB87071C29AC24937E42D296D1D226E.d.2C5A5B9CD4F3B274A728D33E52C31158.e.242}]
Capabilities {acceptInsecureCerts: false, browserName: MicrosoftEdge, browserVersion: 125.0.2535.79, fedcm:accounts: true, ms:edgeOptions: {debuggerAddress: localhost:62695}, msedge: {msedgedriverVersion: 125.0.2535.79 (7e3dd970e483..., userDataDir: C:\Windows\SystemTemp\scope...}, networkConnectionEnabled: false, pageLoadStrategy: normal, platformName: windows, proxy: Proxy(), se:cdp: ws://localhost:62695/devtoo..., se:cdpVersion: 125.0.2535.79, setWindowRect: true, strictFileInteractability: false, timeouts: {implicit: 0, pageLoad: 300000, script: 30000}, unhandledPromptBehavior: dismiss and notify, webauthn:extension:credBlob: true, webauthn:extension:largeBlob: true, webauthn:extension:minPinLength: true, webauthn:extension:prf: true, webauthn:virtualAuthenticators: true}
Element: [[EdgeDriver: MicrosoftEdge on windows (e6b9c31f93350ce5f9f9840a2e32ab65)] -&amp;gt; id: eventsHomeSearchBtn]
Session ID: e6b9c31f93350ce5f9f9840a2e32ab65">
      <![CDATA[org.openqa.selenium.ElementClickInterceptedException: element click intercepted: Element <button type="submit" class="btn btn-success float-right vieweventsearchbtn" title="..." id="eventsHomeSearchBtn">Search</button> is not clickable at point (544, 413). Other element would receive the click: <th class="dow">...</th>
  (Session info: MicrosoftEdge=125.0.2535.79)
Build info: version: '4.20.0', revision: '866c76ca80'
System info: os.name: 'Windows 11', os.arch: 'amd64', os.version: '10.0', java.version: '17.0.2'
Driver info: org.openqa.selenium.edge.EdgeDriver
Command: [e6b9c31f93350ce5f9f9840a2e32ab65, clickElement {id=f.BDB87071C29AC24937E42D296D1D226E.d.2C5A5B9CD4F3B274A728D33E52C31158.e.242}]
Capabilities {acceptInsecureCerts: false, browserName: MicrosoftEdge, browserVersion: 125.0.2535.79, fedcm:accounts: true, ms:edgeOptions: {debuggerAddress: localhost:62695}, msedge: {msedgedriverVersion: 125.0.2535.79 (7e3dd970e483..., userDataDir: C:\Windows\SystemTemp\scope...}, networkConnectionEnabled: false, pageLoadStrategy: normal, platformName: windows, proxy: Proxy(), se:cdp: ws://localhost:62695/devtoo..., se:cdpVersion: 125.0.2535.79, setWindowRect: true, strictFileInteractability: false, timeouts: {implicit: 0, pageLoad: 300000, script: 30000}, unhandledPromptBehavior: dismiss and notify, webauthn:extension:credBlob: true, webauthn:extension:largeBlob: true, webauthn:extension:minPinLength: true, webauthn:extension:prf: true, webauthn:virtualAuthenticators: true}
Element: [[EdgeDriver: MicrosoftEdge on windows (e6b9c31f93350ce5f9f9840a2e32ab65)] -> id: eventsHomeSearchBtn]
Session ID: e6b9c31f93350ce5f9f9840a2e32ab65
at org.openqa.selenium.remote.ErrorCodec.decode(ErrorCodec.java:167)
at org.openqa.selenium.remote.codec.w3c.W3CHttpResponseCodec.decode(W3CHttpResponseCodec.java:138)
at org.openqa.selenium.remote.codec.w3c.W3CHttpResponseCodec.decode(W3CHttpResponseCodec.java:50)
at org.openqa.selenium.remote.HttpCommandExecutor.execute(HttpCommandExecutor.java:190)
at org.openqa.selenium.remote.service.DriverCommandExecutor.invokeExecute(DriverCommandExecutor.java:216)
at org.openqa.selenium.remote.service.DriverCommandExecutor.execute(DriverCommandExecutor.java:174)
at org.openqa.selenium.remote.RemoteWebDriver.execute(RemoteWebDriver.java:518)
at org.openqa.selenium.remote.RemoteWebElement.execute(RemoteWebElement.java:223)
at org.openqa.selenium.remote.RemoteWebElement.click(RemoteWebElement.java:76)
at org.openqa.selenium.support.pagefactory.internal.LocatingElementHandler.invoke(LocatingElementHandler.java:51)
at jdk.proxy2/jdk.proxy2.$Proxy12.click(Unknown Source)
at OutReach.PomOutReach.clickFilterSearchButton(PomOutReach.java:220)
at OutReach.OutreachMain.filterSearchButton(OutreachMain.java:112)
at java.base/java.util.ArrayList.forEach(ArrayList.java:1511)
... Removed 36 stack frames]]>
    </failure>
  </testcase> <!-- filterSearchButton -->
  <testcase classname="OutReach.OutreachMain" name="displaySearchResults" time="10.059"/>
  <testcase classname="OutReach.OutreachMain" name="vlounteerOption" time="2.106"/>
</testsuite> <!-- Test -->
