<?xml version="1.0" encoding="UTF-8"?>
<!-- Generated by org.testng.reporters.JUnitXMLReporter -->
<testsuite ignored="0" hostname="LTIN269904" failures="0" tests="9" name="myTest" time="253.353" errors="0" timestamp="2024-06-06T22:00:07 PDT">
  <testcase classname="Coursera.MainTest" name="SearchInHomePage" time="93.185"/>
  <testcase classname="Coursera.MainTest" name="DisplayLanguageDetails" time="1.458"/>
  <testcase classname="Coursera.MainTest" name="DisplayLevelDetails" time="0.228"/>
  <testcase classname="Coursera.MainTest" name="clickCheckBoxesToViewData" time="7.652"/>
  <testcase classname="Coursera.MainTest" name="SearchedCourseDetails" time="6.429"/>
  <testcase classname="Coursera.MainTest" name="GoToForEnterprises" time="96.134"/>
  <testcase classname="Coursera.MainTest" name="GoToForCampus" time="1.73"/>
  <testcase classname="Coursera.MainTest" name="ScrollToForm" time="2.826"/>
  <testcase classname="Coursera.MainTest" name="FormFillUp" time="15.874"/>
</testsuite> <!-- myTest -->
