<?xml version="1.0" encoding="UTF-8"?>
<!-- Generated by org.testng.reporters.JUnitXMLReporter -->
<testsuite ignored="0" hostname="LTIN269904" failures="0" tests="9" name="myTest1" time="129.172" errors="0" timestamp="2024-06-06T11:30:10 PDT">
  <testcase classname="Coursera.MainTest" name="SearchInHomePage" time="17.43"/>
  <testcase classname="Coursera.MainTest" name="DisplayLanguageDetails" time="5.443"/>
  <testcase classname="Coursera.MainTest" name="DisplayLevelDetails" time="0.363"/>
  <testcase classname="Coursera.MainTest" name="clickCheckBoxesToViewData" time="9.32"/>
  <testcase classname="Coursera.MainTest" name="SearchedCourseDetails" time="5.592"/>
  <testcase classname="Coursera.MainTest" name="GoToForEnterprises" time="28.956"/>
  <testcase classname="Coursera.MainTest" name="GoToForCampus" time="2.237"/>
  <testcase classname="Coursera.MainTest" name="ScrollToForm" time="3.098"/>
  <testcase classname="Coursera.MainTest" name="FormFillUp" time="16.206"/>
</testsuite> <!-- myTest1 -->
